生成启动时间为 2016/3/14 10:39:07。
     1>项目“C:\CPPProject\Account\Account\Account.vcxproj”在节点 2 上(Build 个目标)。
     1>C:\Program Files (x86)\MSBuild\Microsoft.Cpp\v4.0\V120\Microsoft.CppBuild.targets(935,5): warning MSB8027: Two or more files with the name of moc_account.cpp will produce outputs to the same location. This can lead to an incorrect build result.  The files involved are GeneratedFiles\Debug\moc_account.cpp, GeneratedFiles\Release\moc_account.cpp.
     1>C:\Program Files (x86)\MSBuild\Microsoft.Cpp\v4.0\V120\Microsoft.CppBuild.targets(935,5): warning MSB8027: Two or more files with the name of moc_billwidget.cpp will produce outputs to the same location. This can lead to an incorrect build result.  The files involved are GeneratedFiles\Debug\moc_billwidget.cpp, GeneratedFiles\Release\moc_billwidget.cpp.
     1>C:\Program Files (x86)\MSBuild\Microsoft.Cpp\v4.0\V120\Microsoft.CppBuild.targets(935,5): warning MSB8027: Two or more files with the name of moc_databasemanager.cpp will produce outputs to the same location. This can lead to an incorrect build result.  The files involved are GeneratedFiles\Debug\moc_databasemanager.cpp, GeneratedFiles\Release\moc_databasemanager.cpp.
     1>C:\Program Files (x86)\MSBuild\Microsoft.Cpp\v4.0\V120\Microsoft.CppBuild.targets(935,5): warning MSB8027: Two or more files with the name of moc_dayview.cpp will produce outputs to the same location. This can lead to an incorrect build result.  The files involved are GeneratedFiles\Debug\moc_dayview.cpp, GeneratedFiles\Release\moc_dayview.cpp.
     1>C:\Program Files (x86)\MSBuild\Microsoft.Cpp\v4.0\V120\Microsoft.CppBuild.targets(935,5): warning MSB8027: Two or more files with the name of moc_monthview.cpp will produce outputs to the same location. This can lead to an incorrect build result.  The files involved are GeneratedFiles\Debug\moc_monthview.cpp, GeneratedFiles\Release\moc_monthview.cpp.
     1>C:\Program Files (x86)\MSBuild\Microsoft.Cpp\v4.0\V120\Microsoft.CppBuild.targets(935,5): warning MSB8027: Two or more files with the name of moc_tableview.cpp will produce outputs to the same location. This can lead to an incorrect build result.  The files involved are GeneratedFiles\Debug\moc_tableview.cpp, GeneratedFiles\Release\moc_tableview.cpp.
     1>C:\Program Files (x86)\MSBuild\Microsoft.Cpp\v4.0\V120\Microsoft.CppBuild.targets(935,5): warning MSB8027: Two or more files with the name of moc_tableviewmodel.cpp will produce outputs to the same location. This can lead to an incorrect build result.  The files involved are GeneratedFiles\Debug\moc_tableviewmodel.cpp, GeneratedFiles\Release\moc_tableviewmodel.cpp.
     1>ClCompile:
         C:\Program Files (x86)\Microsoft Visual Studio 12.0\VC\bin\x86_amd64\CL.exe /c /I.\GeneratedFiles /I. /IC:\Qt\Qt5.5.1_64\5.5\msvc2013_64\include /I.\GeneratedFiles\Release /IC:\Qt\Qt5.5.1_64\5.5\msvc2013_64\include\QtCore /IC:\Qt\Qt5.5.1_64\5.5\msvc2013_64\include\QtGui /IC:\Qt\Qt5.5.1_64\5.5\msvc2013_64\include\QtSql /IC:\Qt\Qt5.5.1_64\5.5\msvc2013_64\include\QtWidgets /IC:\Qt\Qt5.5.1_64\5.5\msvc2013_64\include\ActiveQt /IC:\Qt\Qt5.5.1_64\5.5\msvc2013_64\include\QtNetwork /nologo /W1 /WX- /O2 /D UNICODE /D WIN32 /D WIN64 /D QT_DLL /D QT_NO_DEBUG /D NDEBUG /D QT_CORE_LIB /D QT_GUI_LIB /D QT_SQL_LIB /D QT_WIDGETS_LIB /D QT_NETWORK_LIB /Gm- /EHsc /MD /GS /fp:precise /Zc:wchar_t /Zc:forScope /Yu"stdafx.h" /Fp"x64\Release\Account.pch" /Fo"x64\Release\\" /Fd"x64\Release\vc120.pdb" /Gd /TP /errorReport:prompt billwidget.cpp
         billwidget.cpp
       Link:
         C:\Program Files (x86)\Microsoft Visual Studio 12.0\VC\bin\x86_amd64\link.exe /ERRORREPORT:PROMPT /OUT:"C:\CPPProject\Account\x64\Release\\Account.exe" /NOLOGO /LIBPATH:C:\Qt\Qt5.5.1_64\5.5\msvc2013_64\lib qtmain.lib Qt5Core.lib Qt5Gui.lib Qt5Sql.lib Qt5Widgets.lib Qt5AxContainer.lib Qt5AxBase.lib Qt5Network.lib kernel32.lib user32.lib gdi32.lib winspool.lib comdlg32.lib advapi32.lib shell32.lib ole32.lib oleaut32.lib uuid.lib odbc32.lib odbccp32.lib /MANIFEST /MANIFESTUAC:"level='asInvoker' uiAccess='false'" /manifest:embed /PDB:"C:\CPPProject\Account\x64\Release\Account.pdb" /SUBSYSTEM:WINDOWS /TLBID:1 /DYNAMICBASE /NXCOMPAT /IMPLIB:"C:\CPPProject\Account\x64\Release\Account.lib" /MACHINE:X64 x64\Release\account.obj
         x64\Release\billwidget.obj
         x64\Release\databasemanager.obj
         x64\Release\dayview.obj
         x64\Release\qrc_account.obj
         x64\Release\qrc_style.obj
         x64\Release\moc_account.obj
         x64\Release\moc_billwidget.obj
         x64\Release\moc_databasemanager.obj
         x64\Release\moc_dayview.obj
         x64\Release\moc_monthview.obj
         x64\Release\moc_tableview.obj
         x64\Release\moc_tableviewmodel.obj
         x64\Release\main.obj
         x64\Release\monthview.obj
         x64\Release\stdafx.obj
         x64\Release\tableview.obj
         x64\Release\tableviewmodel.obj
         Account.vcxproj -> C:\CPPProject\Account\x64\Release\Account.exe
     1>已完成生成项目“C:\CPPProject\Account\Account\Account.vcxproj”(Build 个目标)的操作。

生成成功。

已用时间 00:00:00.79
