c:\cppproject\account\account\x64\release\account.pch
c:\cppproject\account\account\x64\release\stdafx.obj
c:\cppproject\account\account\x64\release\tableviewmodel.obj
c:\cppproject\account\account\x64\release\tableview.obj
c:\cppproject\account\account\x64\release\monthview.obj
c:\cppproject\account\account\x64\release\main.obj
c:\cppproject\account\account\x64\release\moc_tableviewmodel.obj
c:\cppproject\account\account\x64\release\moc_tableview.obj
c:\cppproject\account\account\x64\release\moc_monthview.obj
c:\cppproject\account\account\x64\release\moc_dayview.obj
c:\cppproject\account\account\x64\release\moc_databasemanager.obj
c:\cppproject\account\account\x64\release\moc_billwidget.obj
c:\cppproject\account\account\x64\release\moc_account.obj
c:\cppproject\account\account\x64\release\dayview.obj
c:\cppproject\account\account\x64\release\databasemanager.obj
c:\cppproject\account\account\x64\release\billwidget.obj
c:\cppproject\account\account\x64\release\account.obj
c:\cppproject\account\account\x64\release\qrc_style.obj
c:\cppproject\account\account\x64\release\qrc_account.obj
c:\cppproject\account\account\generatedfiles\release\moc_tableviewmodel.cpp
c:\cppproject\account\account\generatedfiles\release\moc_tableview.cpp
c:\cppproject\account\account\generatedfiles\release\moc_dayview.cpp
c:\cppproject\account\account\generatedfiles\release\moc_databasemanager.cpp
c:\cppproject\account\account\generatedfiles\release\moc_account.cpp
c:\cppproject\account\account\generatedfiles\release\moc_monthview.cpp
c:\cppproject\account\account\generatedfiles\ui_account.h
c:\cppproject\account\account\generatedfiles\qrc_account.cpp
c:\cppproject\account\account\generatedfiles\ui_dayview.h
c:\cppproject\account\account\generatedfiles\ui_monthview.h
c:\cppproject\account\account\generatedfiles\qrc_style.cpp
c:\cppproject\account\account\generatedfiles\ui_billwidget.h
c:\cppproject\account\account\generatedfiles\release\moc_billwidget.cpp
c:\cppproject\account\x64\release\account.exe
c:\cppproject\account\account\x64\release\account.tlog\cl.command.1.tlog
c:\cppproject\account\account\x64\release\account.tlog\cl.read.1.tlog
c:\cppproject\account\account\x64\release\account.tlog\cl.write.1.tlog
c:\cppproject\account\account\x64\release\account.tlog\custombuild.command.1.tlog
c:\cppproject\account\account\x64\release\account.tlog\custombuild.read.1.tlog
c:\cppproject\account\account\x64\release\account.tlog\custombuild.write.1.tlog
c:\cppproject\account\account\x64\release\account.tlog\link.command.1.tlog
c:\cppproject\account\account\x64\release\account.tlog\link.read.1.tlog
c:\cppproject\account\account\x64\release\account.tlog\link.write.1.tlog
